[2025-10-13 18:27:29,029] [ERROR] [app/logger] (sqlalchemy.dialects.postgresql.asyncpg.IntegrityError) <class 'asyncpg.exceptions.UniqueViolationError'>: duplicate key value violates unique constraint "users_username_key"
DETAIL:  Key (username)=(admin) already exists.
[SQL: INSERT INTO users (id, username, name, surname, second_name, short_name, short_name_2, hashed_password, is_superuser, is_deleted, register_at, post_id, rank_id, invocation) VALUES ($1::UUID, $2::VARCHAR, $3::VARCHAR, $4::VARCHAR, $5::VARCHAR, $6::VARCHAR, $7::VARCHAR, $8::VARCHAR, $9::BOOLEAN, $10::BOOLEAN, now(), $11::UUID, $12::UUID, $13::VARCHAR) RETURNING users.register_at]
[parameters: (UUID('5571190c-c05d-4e9a-bcaa-7f4457b095c2'), 'admin', 'admin', 'admin', 'admin', 'a. admin', 'admin a.a.', 'admin', False, False, UUID('32fa1b2d-300e-49a0-9ba2-a7d699c79b7e'), UUID('13ddd1b7-4d4a-4b7f-998e-dee2371bdb68'), 'Аккаунт модератора')]
(Background on this error at: https://sqlalche.me/e/20/gkpj)
[2025-10-13 18:31:12,329] [ERROR] [app/logger] (sqlalchemy.dialects.postgresql.asyncpg.IntegrityError) <class 'asyncpg.exceptions.UniqueViolationError'>: duplicate key value violates unique constraint "users_username_key"
DETAIL:  Key (username)=(admin) already exists.
[SQL: INSERT INTO users (id, username, name, surname, second_name, short_name, short_name_2, hashed_password, is_superuser, is_deleted, register_at, post_id, rank_id, invocation) VALUES ($1::UUID, $2::VARCHAR, $3::VARCHAR, $4::VARCHAR, $5::VARCHAR, $6::VARCHAR, $7::VARCHAR, $8::VARCHAR, $9::BOOLEAN, $10::BOOLEAN, now(), $11::UUID, $12::UUID, $13::VARCHAR) RETURNING users.register_at]
[parameters: (UUID('4d98ffa8-4add-4794-89fa-3fef9a2a03c0'), 'admin', 'admin', 'admin', 'admin', 'a. admin', 'admin a.a.', 'admin', False, False, UUID('601807d3-f31c-4056-9832-5961a6271ce5'), UUID('80084cb9-8d73-4e8f-8010-838613916d9b'), 'Аккаунт модератора')]
(Background on this error at: https://sqlalche.me/e/20/gkpj)
[2025-10-14 09:11:54,716] [ERROR] [app/logger] (sqlalchemy.dialects.postgresql.asyncpg.IntegrityError) <class 'asyncpg.exceptions.UniqueViolationError'>: duplicate key value violates unique constraint "users_username_key"
DETAIL:  Key (username)=(admin) already exists.
[SQL: INSERT INTO users (id, username, name, surname, second_name, short_name, short_name_2, hashed_password, is_superuser, is_deleted, register_at, post_id, rank_id, invocation) VALUES ($1::UUID, $2::VARCHAR, $3::VARCHAR, $4::VARCHAR, $5::VARCHAR, $6::VARCHAR, $7::VARCHAR, $8::VARCHAR, $9::BOOLEAN, $10::BOOLEAN, now(), $11::UUID, $12::UUID, $13::VARCHAR) RETURNING users.register_at]
[parameters: (UUID('29170b1c-fe4d-4cc6-88cb-3725130f2574'), 'admin', 'admin', 'admin', 'admin', 'a. admin', 'admin a.a.', 'admin', False, False, UUID('4d9c4326-b612-4030-9be2-dedc4eea49a5'), UUID('e5e9de30-8a20-480c-9026-cead2ceac79d'), 'Аккаунт модератора')]
(Background on this error at: https://sqlalche.me/e/20/gkpj)
[2025-10-15 12:59:57,281] [ERROR] [app/logger] (sqlalchemy.dialects.postgresql.asyncpg.IntegrityError) <class 'asyncpg.exceptions.UniqueViolationError'>: duplicate key value violates unique constraint "users_username_key"
DETAIL:  Key (username)=(izvkvi) already exists.
[SQL: INSERT INTO users (id, username, name, surname, second_name, short_name, short_name_2, hashed_password, is_superuser, is_deleted, register_at, post_id, rank_id, invocation) VALUES ($1::UUID, $2::VARCHAR, $3::VARCHAR, $4::VARCHAR, $5::VARCHAR, $6::VARCHAR, $7::VARCHAR, $8::VARCHAR, $9::BOOLEAN, $10::BOOLEAN, now(), $11::UUID, $12::UUID, $13::VARCHAR) RETURNING users.register_at]
[parameters: (UUID('08d9ad25-4999-468b-903b-f556edf6382e'), 'izvkvi', 'Иван', 'Извеков', 'Романович', 'И. Извеков', 'Извеков И.Р.', '$2b$12$qP63JmnAGS78dEf.fpwUR.EsnKWY/3TjUEd9VqGn/Fh9NNDYXuz.q', False, False, UUID('a037e3d3-1a12-422f-94ca-fa7274893e9d'), UUID('ea95c4df-18e6-487e-800c-84ae13fa0df4'), '21')]
(Background on this error at: https://sqlalche.me/e/20/gkpj)
[2025-10-15 13:00:39,336] [ERROR] [app/logger] (sqlalchemy.dialects.postgresql.asyncpg.IntegrityError) <class 'asyncpg.exceptions.UniqueViolationError'>: duplicate key value violates unique constraint "users_username_key"
DETAIL:  Key (username)=(izvkvi) already exists.
[SQL: INSERT INTO users (id, username, name, surname, second_name, short_name, short_name_2, hashed_password, is_superuser, is_deleted, register_at, post_id, rank_id, invocation) VALUES ($1::UUID, $2::VARCHAR, $3::VARCHAR, $4::VARCHAR, $5::VARCHAR, $6::VARCHAR, $7::VARCHAR, $8::VARCHAR, $9::BOOLEAN, $10::BOOLEAN, now(), $11::UUID, $12::UUID, $13::VARCHAR) RETURNING users.register_at]
[parameters: (UUID('1617b63f-6dbe-470b-85f3-b6426add2570'), 'izvkvi', 'Иван', 'Извеков', 'Романович', 'И. Извеков', 'Извеков И.Р.', '$2b$12$GzuDO1nDMjPuLtJ/bF80Qe7O3MlCi0CdDUnyq4nZkcV/8gtEJrQmu', False, False, UUID('a037e3d3-1a12-422f-94ca-fa7274893e9d'), UUID('ea95c4df-18e6-487e-800c-84ae13fa0df4'), '21')]
(Background on this error at: https://sqlalche.me/e/20/gkpj)
[2025-10-15 13:02:43,239] [ERROR] [app/logger] (sqlalchemy.dialects.postgresql.asyncpg.IntegrityError) <class 'asyncpg.exceptions.UniqueViolationError'>: duplicate key value violates unique constraint "users_username_key"
DETAIL:  Key (username)=(izvkvi) already exists.
[SQL: INSERT INTO users (id, username, name, surname, second_name, short_name, short_name_2, hashed_password, is_superuser, is_deleted, register_at, post_id, rank_id, invocation) VALUES ($1::UUID, $2::VARCHAR, $3::VARCHAR, $4::VARCHAR, $5::VARCHAR, $6::VARCHAR, $7::VARCHAR, $8::VARCHAR, $9::BOOLEAN, $10::BOOLEAN, now(), $11::UUID, $12::UUID, $13::VARCHAR) RETURNING users.register_at]
[parameters: (UUID('97372e31-e1f8-46c4-a29f-343ce09b3608'), 'izvkvi', 'Иван', 'Извеков', 'Романович', 'И. Извеков', 'Извеков И.Р.', '$2b$12$l66wPJvpBD8zL9PHiVmUGuoPo5y/fmJmUaSZ2jIMpDE38tq2VoDiG', False, False, UUID('a037e3d3-1a12-422f-94ca-fa7274893e9d'), UUID('ea95c4df-18e6-487e-800c-84ae13fa0df4'), '21')]
(Background on this error at: https://sqlalche.me/e/20/gkpj)
